2020-04-12 03:21:36,409 - elsapy.elsclient - INFO - Module loaded.
2020-04-12 03:21:36,410 - elsapy.utils - INFO - Module loaded.
2020-04-12 03:21:36,411 - elsapy.elssearch - INFO - Module loaded.
2020-04-12 03:21:37,693 - elsapy.elsclient - INFO - Module loaded.
2020-04-12 03:21:37,694 - elsapy.utils - INFO - Module loaded.
2020-04-12 03:21:37,694 - elsapy.elssearch - INFO - Module loaded.
2020-04-12 03:24:40,591 - elsapy.elsclient - INFO - Module loaded.
2020-04-12 03:24:40,592 - elsapy.utils - INFO - Module loaded.
2020-04-12 03:24:40,592 - elsapy.elssearch - INFO - Module loaded.
2020-04-12 03:24:42,025 - elsapy.elsclient - INFO - Module loaded.
2020-04-12 03:24:42,027 - elsapy.utils - INFO - Module loaded.
2020-04-12 03:24:42,027 - elsapy.elssearch - INFO - Module loaded.
2020-04-12 13:45:21,948 - elsapy.elsclient - INFO - Module loaded.
2020-04-12 13:45:21,950 - elsapy.utils - INFO - Module loaded.
2020-04-12 13:45:21,950 - elsapy.elssearch - INFO - Module loaded.
2020-04-12 13:45:23,305 - elsapy.elsclient - INFO - Module loaded.
2020-04-12 13:45:23,306 - elsapy.utils - INFO - Module loaded.
2020-04-12 13:45:23,306 - elsapy.elssearch - INFO - Module loaded.
2020-04-12 13:48:27,077 - elsapy.elsclient - INFO - Module loaded.
2020-04-12 13:48:27,079 - elsapy.utils - INFO - Module loaded.
2020-04-12 13:48:27,079 - elsapy.elssearch - INFO - Module loaded.
2020-04-12 13:48:28,555 - elsapy.elsclient - INFO - Module loaded.
2020-04-12 13:48:28,556 - elsapy.utils - INFO - Module loaded.
2020-04-12 13:48:28,557 - elsapy.elssearch - INFO - Module loaded.
2020-04-12 13:52:06,551 - elsapy.elsclient - INFO - Module loaded.
2020-04-12 13:52:06,552 - elsapy.utils - INFO - Module loaded.
2020-04-12 13:52:06,552 - elsapy.elssearch - INFO - Module loaded.
2020-04-12 13:52:07,869 - elsapy.elsclient - INFO - Module loaded.
2020-04-12 13:52:07,870 - elsapy.utils - INFO - Module loaded.
2020-04-12 13:52:07,870 - elsapy.elssearch - INFO - Module loaded.
2020-04-12 13:53:11,114 - elsapy.elsclient - INFO - Module loaded.
2020-04-12 13:53:11,115 - elsapy.utils - INFO - Module loaded.
2020-04-12 13:53:11,115 - elsapy.elssearch - INFO - Module loaded.
2020-04-12 13:53:12,433 - elsapy.elsclient - INFO - Module loaded.
2020-04-12 13:53:12,434 - elsapy.utils - INFO - Module loaded.
2020-04-12 13:53:12,435 - elsapy.elssearch - INFO - Module loaded.
2020-04-12 13:55:19,568 - elsapy.elsclient - INFO - Module loaded.
2020-04-12 13:55:19,569 - elsapy.utils - INFO - Module loaded.
2020-04-12 13:55:19,569 - elsapy.elssearch - INFO - Module loaded.
2020-04-12 13:55:21,043 - elsapy.elsclient - INFO - Module loaded.
2020-04-12 13:55:21,044 - elsapy.utils - INFO - Module loaded.
2020-04-12 13:55:21,044 - elsapy.elssearch - INFO - Module loaded.
2020-04-12 13:56:35,691 - elsapy.elsclient - INFO - Module loaded.
2020-04-12 13:56:35,692 - elsapy.utils - INFO - Module loaded.
2020-04-12 13:56:35,692 - elsapy.elssearch - INFO - Module loaded.
2020-04-12 13:56:37,069 - elsapy.elsclient - INFO - Module loaded.
2020-04-12 13:56:37,070 - elsapy.utils - INFO - Module loaded.
2020-04-12 13:56:37,070 - elsapy.elssearch - INFO - Module loaded.
2020-04-12 13:56:51,179 - elsapy.elsclient - INFO - Module loaded.
2020-04-12 13:56:51,180 - elsapy.utils - INFO - Module loaded.
2020-04-12 13:56:51,181 - elsapy.elssearch - INFO - Module loaded.
2020-04-12 13:56:53,136 - elsapy.elsclient - INFO - Module loaded.
2020-04-12 13:56:53,138 - elsapy.utils - INFO - Module loaded.
2020-04-12 13:56:53,138 - elsapy.elssearch - INFO - Module loaded.
2020-04-12 13:58:31,414 - elsapy.elsclient - INFO - Module loaded.
2020-04-12 13:58:31,414 - elsapy.utils - INFO - Module loaded.
2020-04-12 13:58:31,415 - elsapy.elssearch - INFO - Module loaded.
2020-04-12 13:58:32,871 - elsapy.elsclient - INFO - Module loaded.
2020-04-12 13:58:32,872 - elsapy.utils - INFO - Module loaded.
2020-04-12 13:58:32,872 - elsapy.elssearch - INFO - Module loaded.
2020-04-12 14:01:54,304 - elsapy.elsclient - INFO - Module loaded.
2020-04-12 14:01:54,305 - elsapy.utils - INFO - Module loaded.
2020-04-12 14:01:54,305 - elsapy.elssearch - INFO - Module loaded.
2020-04-12 14:01:55,471 - elsapy.elsclient - INFO - Module loaded.
2020-04-12 14:01:55,472 - elsapy.utils - INFO - Module loaded.
2020-04-12 14:01:55,472 - elsapy.elssearch - INFO - Module loaded.
2020-04-12 14:03:20,379 - elsapy.elsclient - INFO - Module loaded.
2020-04-12 14:03:20,380 - elsapy.utils - INFO - Module loaded.
2020-04-12 14:03:20,380 - elsapy.elssearch - INFO - Module loaded.
2020-04-12 14:03:21,781 - elsapy.elsclient - INFO - Module loaded.
2020-04-12 14:03:21,782 - elsapy.utils - INFO - Module loaded.
2020-04-12 14:03:21,782 - elsapy.elssearch - INFO - Module loaded.
2020-04-12 14:10:18,242 - elsapy.elsclient - INFO - Module loaded.
2020-04-12 14:10:18,242 - elsapy.utils - INFO - Module loaded.
2020-04-12 14:10:18,243 - elsapy.elssearch - INFO - Module loaded.
2020-04-12 14:10:19,603 - elsapy.elsclient - INFO - Module loaded.
2020-04-12 14:10:19,604 - elsapy.utils - INFO - Module loaded.
2020-04-12 14:10:19,605 - elsapy.elssearch - INFO - Module loaded.
2020-04-12 14:11:45,812 - elsapy.elsclient - INFO - Module loaded.
2020-04-12 14:11:45,813 - elsapy.utils - INFO - Module loaded.
2020-04-12 14:11:45,814 - elsapy.elssearch - INFO - Module loaded.
2020-04-12 14:11:47,283 - elsapy.elsclient - INFO - Module loaded.
2020-04-12 14:11:47,284 - elsapy.utils - INFO - Module loaded.
2020-04-12 14:11:47,285 - elsapy.elssearch - INFO - Module loaded.
2020-04-12 14:11:53,800 - elsapy.elsclient - INFO - Module loaded.
2020-04-12 14:11:53,801 - elsapy.utils - INFO - Module loaded.
2020-04-12 14:11:53,802 - elsapy.elssearch - INFO - Module loaded.
2020-04-12 14:11:55,191 - elsapy.elsclient - INFO - Module loaded.
2020-04-12 14:11:55,192 - elsapy.utils - INFO - Module loaded.
2020-04-12 14:11:55,192 - elsapy.elssearch - INFO - Module loaded.
2020-04-12 14:13:46,413 - elsapy.elsclient - INFO - Module loaded.
2020-04-12 14:13:46,414 - elsapy.utils - INFO - Module loaded.
2020-04-12 14:13:46,414 - elsapy.elssearch - INFO - Module loaded.
2020-04-12 14:13:47,926 - elsapy.elsclient - INFO - Module loaded.
2020-04-12 14:13:47,927 - elsapy.utils - INFO - Module loaded.
2020-04-12 14:13:47,927 - elsapy.elssearch - INFO - Module loaded.
2020-04-12 14:15:29,983 - elsapy.elsclient - INFO - Module loaded.
2020-04-12 14:15:29,984 - elsapy.utils - INFO - Module loaded.
2020-04-12 14:15:29,984 - elsapy.elssearch - INFO - Module loaded.
2020-04-12 14:15:31,682 - elsapy.elsclient - INFO - Module loaded.
2020-04-12 14:15:31,683 - elsapy.utils - INFO - Module loaded.
2020-04-12 14:15:31,683 - elsapy.elssearch - INFO - Module loaded.
2020-04-12 14:16:42,178 - elsapy.elsclient - INFO - Module loaded.
2020-04-12 14:16:42,179 - elsapy.utils - INFO - Module loaded.
2020-04-12 14:16:42,179 - elsapy.elssearch - INFO - Module loaded.
2020-04-12 14:16:43,519 - elsapy.elsclient - INFO - Module loaded.
2020-04-12 14:16:43,520 - elsapy.utils - INFO - Module loaded.
2020-04-12 14:16:43,521 - elsapy.elssearch - INFO - Module loaded.
2020-04-12 14:17:38,309 - elsapy.elsclient - INFO - Module loaded.
2020-04-12 14:17:38,310 - elsapy.utils - INFO - Module loaded.
2020-04-12 14:17:38,311 - elsapy.elssearch - INFO - Module loaded.
2020-04-12 14:17:39,633 - elsapy.elsclient - INFO - Module loaded.
2020-04-12 14:17:39,634 - elsapy.utils - INFO - Module loaded.
2020-04-12 14:17:39,634 - elsapy.elssearch - INFO - Module loaded.
2020-04-12 14:21:25,645 - elsapy.elsclient - INFO - Module loaded.
2020-04-12 14:21:25,646 - elsapy.utils - INFO - Module loaded.
2020-04-12 14:21:25,647 - elsapy.elssearch - INFO - Module loaded.
2020-04-12 14:21:27,069 - elsapy.elsclient - INFO - Module loaded.
2020-04-12 14:21:27,070 - elsapy.utils - INFO - Module loaded.
2020-04-12 14:21:27,070 - elsapy.elssearch - INFO - Module loaded.
2020-04-12 14:22:44,609 - elsapy.elsclient - INFO - Module loaded.
2020-04-12 14:22:44,610 - elsapy.utils - INFO - Module loaded.
2020-04-12 14:22:44,610 - elsapy.elssearch - INFO - Module loaded.
2020-04-12 14:22:46,052 - elsapy.elsclient - INFO - Module loaded.
2020-04-12 14:22:46,053 - elsapy.utils - INFO - Module loaded.
2020-04-12 14:22:46,053 - elsapy.elssearch - INFO - Module loaded.
2020-04-12 14:22:54,607 - elsapy.elsclient - INFO - Module loaded.
2020-04-12 14:22:54,607 - elsapy.utils - INFO - Module loaded.
2020-04-12 14:22:54,608 - elsapy.elssearch - INFO - Module loaded.
2020-04-12 14:22:56,032 - elsapy.elsclient - INFO - Module loaded.
2020-04-12 14:22:56,033 - elsapy.utils - INFO - Module loaded.
2020-04-12 14:22:56,033 - elsapy.elssearch - INFO - Module loaded.
2020-04-12 14:26:35,797 - elsapy.elsclient - INFO - Module loaded.
2020-04-12 14:26:35,798 - elsapy.utils - INFO - Module loaded.
2020-04-12 14:26:35,799 - elsapy.elssearch - INFO - Module loaded.
2020-04-12 14:26:37,236 - elsapy.elsclient - INFO - Module loaded.
2020-04-12 14:26:37,237 - elsapy.utils - INFO - Module loaded.
2020-04-12 14:26:37,237 - elsapy.elssearch - INFO - Module loaded.
2020-04-12 14:29:38,399 - elsapy.elsclient - INFO - Module loaded.
2020-04-12 14:29:38,400 - elsapy.utils - INFO - Module loaded.
2020-04-12 14:29:38,400 - elsapy.elssearch - INFO - Module loaded.
2020-04-12 14:29:40,026 - elsapy.elsclient - INFO - Module loaded.
2020-04-12 14:29:40,027 - elsapy.utils - INFO - Module loaded.
2020-04-12 14:29:40,027 - elsapy.elssearch - INFO - Module loaded.
2020-04-12 14:30:51,688 - elsapy.elsclient - INFO - Module loaded.
2020-04-12 14:30:51,689 - elsapy.utils - INFO - Module loaded.
2020-04-12 14:30:51,689 - elsapy.elssearch - INFO - Module loaded.
2020-04-12 14:30:53,155 - elsapy.elsclient - INFO - Module loaded.
2020-04-12 14:30:53,156 - elsapy.utils - INFO - Module loaded.
2020-04-12 14:30:53,156 - elsapy.elssearch - INFO - Module loaded.
2020-04-12 14:31:11,179 - elsapy.elsclient - INFO - Sending GET request to https://api.elsevier.com/content/search/sciencedirect?query=outliers+small+dataset+supervised+
2020-04-12 14:31:26,074 - elsapy.elsclient - INFO - Sending GET request to https://api.elsevier.com/content/search/sciencedirect?query=outliers+small+dataset+learning+
2020-04-12 14:31:38,107 - elsapy.elsclient - INFO - Sending GET request to https://api.elsevier.com/content/search/sciencedirect?query=outliers+small+dataset+classification+
2020-04-12 14:31:41,596 - elsapy.elsclient - INFO - Sending GET request to https://api.elsevier.com/content/search/sciencedirect?query=outliers+binary+supervised+
2020-04-12 14:31:52,575 - elsapy.elsclient - INFO - Sending GET request to https://api.elsevier.com/content/search/sciencedirect?query=outliers+binary+learning+
2020-04-12 14:32:39,136 - elsapy.elsclient - INFO - Module loaded.
2020-04-12 14:32:39,138 - elsapy.utils - INFO - Module loaded.
2020-04-12 14:32:39,138 - elsapy.elssearch - INFO - Module loaded.
2020-04-12 14:32:40,646 - elsapy.elsclient - INFO - Module loaded.
2020-04-12 14:32:40,647 - elsapy.utils - INFO - Module loaded.
2020-04-12 14:32:40,647 - elsapy.elssearch - INFO - Module loaded.
2020-04-12 14:34:10,232 - elsapy.elsclient - INFO - Sending GET request to https://api.elsevier.com/content/search/sciencedirect?query=outliers+small+dataset+supervised+
2020-04-12 14:34:24,340 - elsapy.elsclient - INFO - Sending GET request to https://api.elsevier.com/content/search/sciencedirect?query=outliers+small+dataset+learning+
2020-04-12 14:34:32,088 - elsapy.elsclient - INFO - Sending GET request to https://api.elsevier.com/content/search/sciencedirect?query=outliers+small+dataset+classification+
2020-04-12 14:34:35,264 - elsapy.elsclient - INFO - Sending GET request to https://api.elsevier.com/content/search/sciencedirect?query=outliers+binary+supervised+
2020-04-12 14:34:46,322 - elsapy.elsclient - INFO - Sending GET request to https://api.elsevier.com/content/search/sciencedirect?query=outliers+binary+learning+
2020-04-12 14:35:41,223 - elsapy.elsclient - INFO - Module loaded.
2020-04-12 14:35:41,224 - elsapy.utils - INFO - Module loaded.
2020-04-12 14:35:41,224 - elsapy.elssearch - INFO - Module loaded.
2020-04-12 14:35:42,642 - elsapy.elsclient - INFO - Module loaded.
2020-04-12 14:35:42,643 - elsapy.utils - INFO - Module loaded.
2020-04-12 14:35:42,643 - elsapy.elssearch - INFO - Module loaded.
2020-04-12 14:36:56,801 - elsapy.elsclient - INFO - Sending GET request to https://api.elsevier.com/content/search/sciencedirect?query=outliers+small+dataset+supervised+
2020-04-12 14:37:18,766 - elsapy.elsclient - INFO - Module loaded.
2020-04-12 14:37:18,767 - elsapy.utils - INFO - Module loaded.
2020-04-12 14:37:18,767 - elsapy.elssearch - INFO - Module loaded.
2020-04-12 14:37:20,225 - elsapy.elsclient - INFO - Module loaded.
2020-04-12 14:37:20,226 - elsapy.utils - INFO - Module loaded.
2020-04-12 14:37:20,226 - elsapy.elssearch - INFO - Module loaded.
2020-04-12 14:38:41,441 - elsapy.elsclient - INFO - Sending GET request to https://api.elsevier.com/content/search/sciencedirect?query=outliers+small+dataset+supervised+
2020-04-12 14:38:57,340 - elsapy.elsclient - INFO - Sending GET request to https://api.elsevier.com/content/search/sciencedirect?query=outliers+small+dataset+learning+
2020-04-12 14:39:17,849 - elsapy.elsclient - INFO - Module loaded.
2020-04-12 14:39:17,850 - elsapy.utils - INFO - Module loaded.
2020-04-12 14:39:17,850 - elsapy.elssearch - INFO - Module loaded.
2020-04-12 14:39:19,380 - elsapy.elsclient - INFO - Module loaded.
2020-04-12 14:39:19,381 - elsapy.utils - INFO - Module loaded.
2020-04-12 14:39:19,381 - elsapy.elssearch - INFO - Module loaded.
2020-04-12 14:39:59,421 - elsapy.elsclient - INFO - Sending GET request to https://api.elsevier.com/content/search/sciencedirect?query=outliers+small+dataset+supervised+
2020-04-12 14:40:17,876 - elsapy.elsclient - INFO - Sending GET request to https://api.elsevier.com/content/search/sciencedirect?query=outliers+small+dataset+learning+
2020-04-12 14:42:48,420 - elsapy.elsclient - INFO - Module loaded.
2020-04-12 14:42:48,421 - elsapy.utils - INFO - Module loaded.
2020-04-12 14:42:48,421 - elsapy.elssearch - INFO - Module loaded.
2020-04-12 14:42:49,816 - elsapy.elsclient - INFO - Module loaded.
2020-04-12 14:42:49,817 - elsapy.utils - INFO - Module loaded.
2020-04-12 14:42:49,817 - elsapy.elssearch - INFO - Module loaded.
2020-04-12 14:44:26,236 - elsapy.elsclient - INFO - Module loaded.
2020-04-12 14:44:26,237 - elsapy.utils - INFO - Module loaded.
2020-04-12 14:44:26,237 - elsapy.elssearch - INFO - Module loaded.
2020-04-12 14:44:27,722 - elsapy.elsclient - INFO - Module loaded.
2020-04-12 14:44:27,722 - elsapy.utils - INFO - Module loaded.
2020-04-12 14:44:27,723 - elsapy.elssearch - INFO - Module loaded.
2020-04-12 14:56:41,881 - elsapy.elsclient - INFO - Module loaded.
2020-04-12 14:56:41,882 - elsapy.utils - INFO - Module loaded.
2020-04-12 14:56:41,882 - elsapy.elssearch - INFO - Module loaded.
2020-04-12 14:56:43,419 - elsapy.elsclient - INFO - Module loaded.
2020-04-12 14:56:43,420 - elsapy.utils - INFO - Module loaded.
2020-04-12 14:56:43,420 - elsapy.elssearch - INFO - Module loaded.
2020-04-12 15:01:13,499 - elsapy.elsclient - INFO - Module loaded.
2020-04-12 15:01:13,500 - elsapy.utils - INFO - Module loaded.
2020-04-12 15:01:13,500 - elsapy.elssearch - INFO - Module loaded.
2020-04-12 15:01:15,022 - elsapy.elsclient - INFO - Module loaded.
2020-04-12 15:01:15,023 - elsapy.utils - INFO - Module loaded.
2020-04-12 15:01:15,024 - elsapy.elssearch - INFO - Module loaded.
2020-04-12 15:02:47,568 - elsapy.elsclient - INFO - Module loaded.
2020-04-12 15:02:47,569 - elsapy.utils - INFO - Module loaded.
2020-04-12 15:02:47,569 - elsapy.elssearch - INFO - Module loaded.
2020-04-12 15:02:49,109 - elsapy.elsclient - INFO - Module loaded.
2020-04-12 15:02:49,110 - elsapy.utils - INFO - Module loaded.
2020-04-12 15:02:49,111 - elsapy.elssearch - INFO - Module loaded.
2020-04-12 15:02:54,389 - elsapy.elsclient - INFO - Module loaded.
2020-04-12 15:02:54,390 - elsapy.utils - INFO - Module loaded.
2020-04-12 15:02:54,390 - elsapy.elssearch - INFO - Module loaded.
2020-04-12 15:02:55,849 - elsapy.elsclient - INFO - Module loaded.
2020-04-12 15:02:55,850 - elsapy.utils - INFO - Module loaded.
2020-04-12 15:02:55,850 - elsapy.elssearch - INFO - Module loaded.
2020-04-12 15:03:16,600 - elsapy.elsclient - INFO - Sending GET request to https://api.elsevier.com/content/search/sciencedirect?query=outliers+small+dataset+supervised+
2020-04-12 15:03:32,613 - elsapy.elsclient - INFO - Sending GET request to https://api.elsevier.com/content/search/sciencedirect?query=outliers+small+dataset+learning+
2020-04-12 15:03:41,797 - elsapy.elsclient - INFO - Sending GET request to https://api.elsevier.com/content/search/sciencedirect?query=outliers+small+dataset+classification+
2020-04-12 15:03:45,675 - elsapy.elsclient - INFO - Sending GET request to https://api.elsevier.com/content/search/sciencedirect?query=outliers+binary+supervised+
2020-04-12 15:03:55,760 - elsapy.elsclient - INFO - Sending GET request to https://api.elsevier.com/content/search/sciencedirect?query=outliers+binary+learning+
2020-04-12 15:07:14,820 - elsapy.elsclient - INFO - Module loaded.
2020-04-12 15:07:14,821 - elsapy.utils - INFO - Module loaded.
2020-04-12 15:07:14,822 - elsapy.elssearch - INFO - Module loaded.
2020-04-12 15:07:16,317 - elsapy.elsclient - INFO - Module loaded.
2020-04-12 15:07:16,318 - elsapy.utils - INFO - Module loaded.
2020-04-12 15:07:16,318 - elsapy.elssearch - INFO - Module loaded.
2020-04-12 15:07:43,036 - elsapy.elsclient - INFO - Sending GET request to https://api.elsevier.com/content/search/sciencedirect?query=antibody+expression+expression+values+supervised+
2020-04-12 15:07:44,227 - elsapy.elsclient - INFO - Sending GET request to https://api.elsevier.com/content/search/sciencedirect?query=antibody+expression+expression+values+learning+
2020-04-12 15:07:45,389 - elsapy.elsclient - INFO - Sending GET request to https://api.elsevier.com/content/search/sciencedirect?query=antibody+expression+expression+values+classification+
2020-04-12 15:07:46,591 - elsapy.elsclient - INFO - Sending GET request to https://api.elsevier.com/content/search/sciencedirect?query=antibody+expression+values+supervised+
2020-04-12 15:07:59,845 - elsapy.elsclient - INFO - Sending GET request to https://api.elsevier.com/content/search/sciencedirect?query=antibody+expression+values+learning+
2020-04-12 15:09:43,648 - elsapy.elsclient - INFO - Module loaded.
2020-04-12 15:09:43,649 - elsapy.utils - INFO - Module loaded.
2020-04-12 15:09:43,649 - elsapy.elssearch - INFO - Module loaded.
2020-04-12 15:09:45,097 - elsapy.elsclient - INFO - Module loaded.
2020-04-12 15:09:45,098 - elsapy.utils - INFO - Module loaded.
2020-04-12 15:09:45,099 - elsapy.elssearch - INFO - Module loaded.
2020-04-12 15:11:49,711 - elsapy.elsclient - INFO - Sending GET request to https://api.elsevier.com/content/search/sciencedirect?query=images+digits+supervised+
2020-04-12 15:12:05,517 - elsapy.elsclient - INFO - Sending GET request to https://api.elsevier.com/content/search/sciencedirect?query=images+digits+learning+
2020-04-12 15:12:18,915 - elsapy.elsclient - INFO - Sending GET request to https://api.elsevier.com/content/search/sciencedirect?query=images+digits+classification+
2020-04-12 15:12:28,031 - elsapy.elsclient - INFO - Sending GET request to https://api.elsevier.com/content/search/sciencedirect?query=images+multiclass+supervised+
2020-04-12 15:12:43,901 - elsapy.elsclient - INFO - Sending GET request to https://api.elsevier.com/content/search/sciencedirect?query=images+multiclass+learning+
2020-04-12 15:14:55,765 - elsapy.elsclient - INFO - Module loaded.
2020-04-12 15:14:55,766 - elsapy.utils - INFO - Module loaded.
2020-04-12 15:14:55,766 - elsapy.elssearch - INFO - Module loaded.
2020-04-12 15:14:59,559 - elsapy.elsclient - INFO - Module loaded.
2020-04-12 15:14:59,560 - elsapy.utils - INFO - Module loaded.
2020-04-12 15:14:59,561 - elsapy.elssearch - INFO - Module loaded.
2020-04-12 15:15:32,139 - elsapy.elsclient - INFO - Module loaded.
2020-04-12 15:15:32,140 - elsapy.utils - INFO - Module loaded.
2020-04-12 15:15:32,140 - elsapy.elssearch - INFO - Module loaded.
2020-04-12 15:15:33,557 - elsapy.elsclient - INFO - Module loaded.
2020-04-12 15:15:33,558 - elsapy.utils - INFO - Module loaded.
2020-04-12 15:15:33,559 - elsapy.elssearch - INFO - Module loaded.
2020-04-12 15:17:38,993 - elsapy.elsclient - INFO - Sending GET request to https://api.elsevier.com/content/search/sciencedirect?query=images+digits+supervised+
2020-04-12 15:17:55,305 - elsapy.elsclient - INFO - Sending GET request to https://api.elsevier.com/content/search/sciencedirect?query=images+digits+learning+
2020-04-12 15:18:08,971 - elsapy.elsclient - INFO - Sending GET request to https://api.elsevier.com/content/search/sciencedirect?query=images+digits+classification+
2020-04-12 15:18:17,624 - elsapy.elsclient - INFO - Sending GET request to https://api.elsevier.com/content/search/sciencedirect?query=images+multiclass+supervised+
2020-04-12 15:18:32,675 - elsapy.elsclient - INFO - Sending GET request to https://api.elsevier.com/content/search/sciencedirect?query=images+multiclass+learning+
2020-04-12 15:22:54,250 - elsapy.elsclient - INFO - Module loaded.
2020-04-12 15:22:54,251 - elsapy.utils - INFO - Module loaded.
2020-04-12 15:22:54,252 - elsapy.elssearch - INFO - Module loaded.
2020-04-12 15:22:55,674 - elsapy.elsclient - INFO - Module loaded.
2020-04-12 15:22:55,675 - elsapy.utils - INFO - Module loaded.
2020-04-12 15:22:55,676 - elsapy.elssearch - INFO - Module loaded.
2020-04-12 15:25:33,258 - elsapy.elsclient - INFO - Sending GET request to https://api.elsevier.com/content/search/sciencedirect?query=images+digits+supervised+
2020-04-12 15:26:42,767 - elsapy.elsclient - INFO - Module loaded.
2020-04-12 15:26:42,769 - elsapy.utils - INFO - Module loaded.
2020-04-12 15:26:42,769 - elsapy.elssearch - INFO - Module loaded.
2020-04-12 15:26:44,216 - elsapy.elsclient - INFO - Module loaded.
2020-04-12 15:26:44,217 - elsapy.utils - INFO - Module loaded.
2020-04-12 15:26:44,217 - elsapy.elssearch - INFO - Module loaded.
2020-04-12 15:26:58,474 - elsapy.elsclient - INFO - Module loaded.
2020-04-12 15:26:58,475 - elsapy.utils - INFO - Module loaded.
2020-04-12 15:26:58,476 - elsapy.elssearch - INFO - Module loaded.
2020-04-12 15:26:59,940 - elsapy.elsclient - INFO - Module loaded.
2020-04-12 15:26:59,941 - elsapy.utils - INFO - Module loaded.
2020-04-12 15:26:59,941 - elsapy.elssearch - INFO - Module loaded.
2020-04-12 15:28:35,791 - elsapy.elsclient - INFO - Sending GET request to https://api.elsevier.com/content/search/sciencedirect?query=images+digits+supervised+
2020-04-12 15:35:33,401 - elsapy.elsclient - INFO - Module loaded.
2020-04-12 15:35:33,401 - elsapy.utils - INFO - Module loaded.
2020-04-12 15:35:33,402 - elsapy.elssearch - INFO - Module loaded.
2020-04-12 15:35:34,587 - elsapy.elsclient - INFO - Module loaded.
2020-04-12 15:35:34,588 - elsapy.utils - INFO - Module loaded.
2020-04-12 15:35:34,588 - elsapy.elssearch - INFO - Module loaded.
2020-04-12 15:37:25,360 - elsapy.elsclient - INFO - Sending GET request to https://api.elsevier.com/content/search/sciencedirect?query=images+digits+supervised+
2020-04-12 15:37:40,671 - elsapy.elsclient - INFO - Sending GET request to https://api.elsevier.com/content/search/sciencedirect?query=images+digits+learning+
2020-04-12 15:37:52,484 - elsapy.elsclient - INFO - Sending GET request to https://api.elsevier.com/content/search/sciencedirect?query=images+digits+classification+
2020-04-12 15:38:01,059 - elsapy.elsclient - INFO - Sending GET request to https://api.elsevier.com/content/search/sciencedirect?query=images+multiclass+supervised+
2020-04-12 15:38:14,781 - elsapy.elsclient - INFO - Sending GET request to https://api.elsevier.com/content/search/sciencedirect?query=images+multiclass+learning+
2020-04-12 15:38:53,039 - elsapy.elsclient - INFO - Module loaded.
2020-04-12 15:38:53,040 - elsapy.utils - INFO - Module loaded.
2020-04-12 15:38:53,040 - elsapy.elssearch - INFO - Module loaded.
2020-04-12 15:38:54,278 - elsapy.elsclient - INFO - Module loaded.
2020-04-12 15:38:54,279 - elsapy.utils - INFO - Module loaded.
2020-04-12 15:38:54,279 - elsapy.elssearch - INFO - Module loaded.
2020-04-12 15:40:32,305 - elsapy.elsclient - INFO - Sending GET request to https://api.elsevier.com/content/search/sciencedirect?query=images+digits+supervised+
2020-04-12 15:40:47,357 - elsapy.elsclient - INFO - Sending GET request to https://api.elsevier.com/content/search/sciencedirect?query=images+digits+learning+
2020-04-12 15:40:58,723 - elsapy.elsclient - INFO - Sending GET request to https://api.elsevier.com/content/search/sciencedirect?query=images+digits+classification+
2020-04-12 15:41:07,120 - elsapy.elsclient - INFO - Sending GET request to https://api.elsevier.com/content/search/sciencedirect?query=images+multiclass+supervised+
2020-04-12 15:41:21,046 - elsapy.elsclient - INFO - Sending GET request to https://api.elsevier.com/content/search/sciencedirect?query=images+multiclass+learning+
2020-04-12 15:42:00,220 - elsapy.elsclient - INFO - Module loaded.
2020-04-12 15:42:00,221 - elsapy.utils - INFO - Module loaded.
2020-04-12 15:42:00,221 - elsapy.elssearch - INFO - Module loaded.
2020-04-12 15:42:01,385 - elsapy.elsclient - INFO - Module loaded.
2020-04-12 15:42:01,385 - elsapy.utils - INFO - Module loaded.
2020-04-12 15:42:01,386 - elsapy.elssearch - INFO - Module loaded.
2020-04-12 15:43:42,369 - elsapy.elsclient - INFO - Sending GET request to https://api.elsevier.com/content/search/sciencedirect?query=images+digits+supervised+
2020-04-12 15:43:56,276 - elsapy.elsclient - INFO - Sending GET request to https://api.elsevier.com/content/search/sciencedirect?query=images+digits+learning+
2020-04-12 15:44:07,752 - elsapy.elsclient - INFO - Sending GET request to https://api.elsevier.com/content/search/sciencedirect?query=images+digits+classification+
2020-04-12 15:44:15,658 - elsapy.elsclient - INFO - Sending GET request to https://api.elsevier.com/content/search/sciencedirect?query=images+multiclass+supervised+
2020-04-12 15:44:28,793 - elsapy.elsclient - INFO - Sending GET request to https://api.elsevier.com/content/search/sciencedirect?query=images+multiclass+learning+
2020-04-12 15:48:11,781 - elsapy.elsclient - INFO - Module loaded.
2020-04-12 15:48:11,782 - elsapy.utils - INFO - Module loaded.
2020-04-12 15:48:11,782 - elsapy.elssearch - INFO - Module loaded.
2020-04-12 15:48:12,983 - elsapy.elsclient - INFO - Module loaded.
2020-04-12 15:48:12,984 - elsapy.utils - INFO - Module loaded.
2020-04-12 15:48:12,985 - elsapy.elssearch - INFO - Module loaded.
2020-04-12 15:49:51,350 - elsapy.elsclient - INFO - Sending GET request to https://api.elsevier.com/content/search/sciencedirect?query=images+digits+supervised+
2020-04-12 15:50:05,381 - elsapy.elsclient - INFO - Sending GET request to https://api.elsevier.com/content/search/sciencedirect?query=images+digits+learning+
2020-04-12 15:50:17,211 - elsapy.elsclient - INFO - Sending GET request to https://api.elsevier.com/content/search/sciencedirect?query=images+digits+classification+
2020-04-12 15:51:50,740 - elsapy.elsclient - INFO - Module loaded.
2020-04-12 15:51:50,741 - elsapy.utils - INFO - Module loaded.
2020-04-12 15:51:50,741 - elsapy.elssearch - INFO - Module loaded.
2020-04-12 15:51:52,076 - elsapy.elsclient - INFO - Module loaded.
2020-04-12 15:51:52,077 - elsapy.utils - INFO - Module loaded.
2020-04-12 15:51:52,078 - elsapy.elssearch - INFO - Module loaded.
2020-04-12 15:54:20,008 - elsapy.elsclient - INFO - Sending GET request to https://api.elsevier.com/content/search/sciencedirect?query=images+digits+supervised+
2020-04-12 15:54:34,355 - elsapy.elsclient - INFO - Sending GET request to https://api.elsevier.com/content/search/sciencedirect?query=images+digits+learning+
2020-04-12 15:54:46,661 - elsapy.elsclient - INFO - Sending GET request to https://api.elsevier.com/content/search/sciencedirect?query=images+digits+classification+
2020-04-12 15:54:55,126 - elsapy.elsclient - INFO - Sending GET request to https://api.elsevier.com/content/search/sciencedirect?query=images+multiclass+supervised+
2020-04-12 15:55:09,728 - elsapy.elsclient - INFO - Sending GET request to https://api.elsevier.com/content/search/sciencedirect?query=images+multiclass+learning+
2020-04-12 15:58:28,182 - elsapy.elsclient - INFO - Module loaded.
2020-04-12 15:58:28,184 - elsapy.utils - INFO - Module loaded.
2020-04-12 15:58:28,185 - elsapy.elssearch - INFO - Module loaded.
2020-04-12 15:58:29,585 - elsapy.elsclient - INFO - Module loaded.
2020-04-12 15:58:29,586 - elsapy.utils - INFO - Module loaded.
2020-04-12 15:58:29,586 - elsapy.elssearch - INFO - Module loaded.
2020-04-12 15:58:46,780 - elsapy.elsclient - INFO - Module loaded.
2020-04-12 15:58:46,781 - elsapy.utils - INFO - Module loaded.
2020-04-12 15:58:46,781 - elsapy.elssearch - INFO - Module loaded.
2020-04-12 15:58:48,415 - elsapy.elsclient - INFO - Module loaded.
2020-04-12 15:58:48,416 - elsapy.utils - INFO - Module loaded.
2020-04-12 15:58:48,416 - elsapy.elssearch - INFO - Module loaded.
2020-04-12 16:00:44,750 - elsapy.elsclient - INFO - Sending GET request to https://api.elsevier.com/content/search/sciencedirect?query=images+digits+supervised+
2020-04-12 16:01:02,134 - elsapy.elsclient - INFO - Sending GET request to https://api.elsevier.com/content/search/sciencedirect?query=images+digits+learning+
2020-04-12 16:01:14,929 - elsapy.elsclient - INFO - Sending GET request to https://api.elsevier.com/content/search/sciencedirect?query=images+digits+classification+
2020-04-12 16:01:24,317 - elsapy.elsclient - INFO - Sending GET request to https://api.elsevier.com/content/search/sciencedirect?query=images+multiclass+supervised+
2020-04-12 16:01:39,708 - elsapy.elsclient - INFO - Sending GET request to https://api.elsevier.com/content/search/sciencedirect?query=images+multiclass+learning+
2020-04-12 16:05:50,885 - elsapy.elsclient - INFO - Module loaded.
2020-04-12 16:05:50,886 - elsapy.utils - INFO - Module loaded.
2020-04-12 16:05:50,886 - elsapy.elssearch - INFO - Module loaded.
2020-04-12 16:05:52,428 - elsapy.elsclient - INFO - Module loaded.
2020-04-12 16:05:52,429 - elsapy.utils - INFO - Module loaded.
2020-04-12 16:05:52,430 - elsapy.elssearch - INFO - Module loaded.
2020-04-12 16:09:00,146 - elsapy.elsclient - INFO - Sending GET request to https://api.elsevier.com/content/search/sciencedirect?query=images+digits+supervised+
2020-04-12 16:09:14,474 - elsapy.elsclient - INFO - Sending GET request to https://api.elsevier.com/content/search/sciencedirect?query=images+digits+learning+
2020-04-12 16:09:25,935 - elsapy.elsclient - INFO - Sending GET request to https://api.elsevier.com/content/search/sciencedirect?query=images+digits+classification+
2020-04-12 16:09:34,332 - elsapy.elsclient - INFO - Sending GET request to https://api.elsevier.com/content/search/sciencedirect?query=images+multiclass+supervised+
2020-04-12 16:09:48,054 - elsapy.elsclient - INFO - Sending GET request to https://api.elsevier.com/content/search/sciencedirect?query=images+multiclass+learning+
2020-04-12 16:14:33,166 - elsapy.elsclient - INFO - Module loaded.
2020-04-12 16:14:33,167 - elsapy.utils - INFO - Module loaded.
2020-04-12 16:14:33,168 - elsapy.elssearch - INFO - Module loaded.
2020-04-12 16:14:45,732 - elsapy.elsclient - INFO - Module loaded.
2020-04-12 16:14:45,732 - elsapy.utils - INFO - Module loaded.
2020-04-12 16:14:45,733 - elsapy.elssearch - INFO - Module loaded.
2020-04-12 16:14:47,139 - elsapy.elsclient - INFO - Module loaded.
2020-04-12 16:14:47,140 - elsapy.utils - INFO - Module loaded.
2020-04-12 16:14:47,140 - elsapy.elssearch - INFO - Module loaded.
2020-04-12 16:15:29,885 - elsapy.elsclient - INFO - Sending GET request to https://api.elsevier.com/content/search/sciencedirect?query=images+digits+supervised+
2020-04-12 16:15:44,505 - elsapy.elsclient - INFO - Sending GET request to https://api.elsevier.com/content/search/sciencedirect?query=images+digits+learning+
2020-04-12 16:15:56,566 - elsapy.elsclient - INFO - Sending GET request to https://api.elsevier.com/content/search/sciencedirect?query=images+digits+classification+
2020-04-12 16:16:04,680 - elsapy.elsclient - INFO - Sending GET request to https://api.elsevier.com/content/search/sciencedirect?query=images+outliers+supervised+
2020-04-12 16:16:15,754 - elsapy.elsclient - INFO - Module loaded.
2020-04-12 16:16:15,754 - elsapy.utils - INFO - Module loaded.
2020-04-12 16:16:15,755 - elsapy.elssearch - INFO - Module loaded.
2020-04-12 16:16:17,198 - elsapy.elsclient - INFO - Module loaded.
2020-04-12 16:16:17,199 - elsapy.utils - INFO - Module loaded.
2020-04-12 16:16:17,199 - elsapy.elssearch - INFO - Module loaded.
2020-04-12 16:16:36,578 - elsapy.elsclient - INFO - Sending GET request to https://api.elsevier.com/content/search/sciencedirect?query=images+digits+supervised+
2020-04-12 16:16:51,812 - elsapy.elsclient - INFO - Module loaded.
2020-04-12 16:16:51,813 - elsapy.utils - INFO - Module loaded.
2020-04-12 16:16:51,813 - elsapy.elssearch - INFO - Module loaded.
2020-04-12 16:16:53,011 - elsapy.elsclient - INFO - Module loaded.
2020-04-12 16:16:53,012 - elsapy.utils - INFO - Module loaded.
2020-04-12 16:16:53,012 - elsapy.elssearch - INFO - Module loaded.
2020-04-12 16:18:31,735 - elsapy.elsclient - INFO - Sending GET request to https://api.elsevier.com/content/search/sciencedirect?query=images+digits+supervised+
2020-04-12 16:18:46,302 - elsapy.elsclient - INFO - Sending GET request to https://api.elsevier.com/content/search/sciencedirect?query=images+digits+learning+
2020-04-12 16:18:57,325 - elsapy.elsclient - INFO - Sending GET request to https://api.elsevier.com/content/search/sciencedirect?query=images+digits+classification+
2020-04-12 16:19:05,212 - elsapy.elsclient - INFO - Sending GET request to https://api.elsevier.com/content/search/sciencedirect?query=images+multiclass+supervised+
2020-04-12 16:19:18,211 - elsapy.elsclient - INFO - Sending GET request to https://api.elsevier.com/content/search/sciencedirect?query=images+multiclass+learning+
2020-04-12 16:20:27,211 - elsapy.elsclient - INFO - Module loaded.
2020-04-12 16:20:27,212 - elsapy.utils - INFO - Module loaded.
2020-04-12 16:20:27,212 - elsapy.elssearch - INFO - Module loaded.
2020-04-12 16:20:28,546 - elsapy.elsclient - INFO - Module loaded.
2020-04-12 16:20:28,547 - elsapy.utils - INFO - Module loaded.
2020-04-12 16:20:28,548 - elsapy.elssearch - INFO - Module loaded.
2020-04-12 16:23:14,299 - elsapy.elsclient - INFO - Sending GET request to https://api.elsevier.com/content/search/sciencedirect?query=images+digits+supervised+
2020-04-12 16:23:27,660 - elsapy.elsclient - INFO - Sending GET request to https://api.elsevier.com/content/search/sciencedirect?query=images+digits+learning+
2020-04-12 16:23:39,846 - elsapy.elsclient - INFO - Sending GET request to https://api.elsevier.com/content/search/sciencedirect?query=images+digits+classification+
2020-04-12 16:23:47,734 - elsapy.elsclient - INFO - Sending GET request to https://api.elsevier.com/content/search/sciencedirect?query=images+multiclass+supervised+
2020-04-12 16:24:01,350 - elsapy.elsclient - INFO - Sending GET request to https://api.elsevier.com/content/search/sciencedirect?query=images+multiclass+learning+
2020-04-12 16:26:46,885 - elsapy.elsclient - INFO - Module loaded.
2020-04-12 16:26:46,886 - elsapy.utils - INFO - Module loaded.
2020-04-12 16:26:46,887 - elsapy.elssearch - INFO - Module loaded.
2020-04-12 16:27:00,804 - elsapy.elsclient - INFO - Module loaded.
2020-04-12 16:27:00,805 - elsapy.utils - INFO - Module loaded.
2020-04-12 16:27:00,806 - elsapy.elssearch - INFO - Module loaded.
2020-04-12 16:27:02,236 - elsapy.elsclient - INFO - Module loaded.
2020-04-12 16:27:02,237 - elsapy.utils - INFO - Module loaded.
2020-04-12 16:27:02,237 - elsapy.elssearch - INFO - Module loaded.
2020-04-12 16:28:45,452 - elsapy.elsclient - INFO - Sending GET request to https://api.elsevier.com/content/search/sciencedirect?query=images+digits+supervised+
2020-04-12 16:29:03,224 - elsapy.elsclient - INFO - Sending GET request to https://api.elsevier.com/content/search/sciencedirect?query=images+digits+learning+
2020-04-12 16:29:14,182 - elsapy.elsclient - INFO - Sending GET request to https://api.elsevier.com/content/search/sciencedirect?query=images+digits+classification+
2020-04-12 16:29:22,169 - elsapy.elsclient - INFO - Sending GET request to https://api.elsevier.com/content/search/sciencedirect?query=images+multiclass+supervised+
2020-04-12 16:29:35,050 - elsapy.elsclient - INFO - Sending GET request to https://api.elsevier.com/content/search/sciencedirect?query=images+multiclass+learning+
2020-04-12 16:32:43,542 - elsapy.elsclient - INFO - Module loaded.
2020-04-12 16:32:43,543 - elsapy.utils - INFO - Module loaded.
2020-04-12 16:32:43,544 - elsapy.elssearch - INFO - Module loaded.
2020-04-12 16:32:44,985 - elsapy.elsclient - INFO - Module loaded.
2020-04-12 16:32:44,986 - elsapy.utils - INFO - Module loaded.
2020-04-12 16:32:44,987 - elsapy.elssearch - INFO - Module loaded.
2020-04-12 16:34:41,841 - elsapy.elsclient - INFO - Sending GET request to https://api.elsevier.com/content/search/sciencedirect?query=images+digits+supervised+
2020-04-12 16:34:57,121 - elsapy.elsclient - INFO - Sending GET request to https://api.elsevier.com/content/search/sciencedirect?query=images+digits+learning+
2020-04-12 16:35:08,281 - elsapy.elsclient - INFO - Sending GET request to https://api.elsevier.com/content/search/sciencedirect?query=images+digits+classification+
2020-04-12 16:35:16,334 - elsapy.elsclient - INFO - Sending GET request to https://api.elsevier.com/content/search/sciencedirect?query=images+multiclass+supervised+
2020-04-12 16:35:29,682 - elsapy.elsclient - INFO - Sending GET request to https://api.elsevier.com/content/search/sciencedirect?query=images+multiclass+learning+
2020-04-12 16:38:24,156 - elsapy.elsclient - INFO - Module loaded.
2020-04-12 16:38:24,158 - elsapy.utils - INFO - Module loaded.
2020-04-12 16:38:24,159 - elsapy.elssearch - INFO - Module loaded.
2020-04-12 16:38:37,497 - elsapy.elsclient - INFO - Module loaded.
2020-04-12 16:38:37,498 - elsapy.utils - INFO - Module loaded.
2020-04-12 16:38:37,498 - elsapy.elssearch - INFO - Module loaded.
2020-04-12 16:38:38,732 - elsapy.elsclient - INFO - Module loaded.
2020-04-12 16:38:38,733 - elsapy.utils - INFO - Module loaded.
2020-04-12 16:38:38,733 - elsapy.elssearch - INFO - Module loaded.
2020-04-12 16:40:15,070 - elsapy.elsclient - INFO - Sending GET request to https://api.elsevier.com/content/search/sciencedirect?query=images+digits+supervised+
2020-04-12 16:40:28,791 - elsapy.elsclient - INFO - Sending GET request to https://api.elsevier.com/content/search/sciencedirect?query=images+digits+learning+
2020-04-12 16:40:40,482 - elsapy.elsclient - INFO - Sending GET request to https://api.elsevier.com/content/search/sciencedirect?query=images+digits+classification+
2020-04-12 16:40:48,760 - elsapy.elsclient - INFO - Sending GET request to https://api.elsevier.com/content/search/sciencedirect?query=images+multiclass+supervised+
2020-04-12 16:41:02,379 - elsapy.elsclient - INFO - Sending GET request to https://api.elsevier.com/content/search/sciencedirect?query=images+multiclass+learning+
2020-04-12 16:42:00,055 - elsapy.elsclient - INFO - Module loaded.
2020-04-12 16:42:00,056 - elsapy.utils - INFO - Module loaded.
2020-04-12 16:42:00,056 - elsapy.elssearch - INFO - Module loaded.
2020-04-12 16:42:01,572 - elsapy.elsclient - INFO - Module loaded.
2020-04-12 16:42:01,573 - elsapy.utils - INFO - Module loaded.
2020-04-12 16:42:01,574 - elsapy.elssearch - INFO - Module loaded.
2020-04-12 16:43:30,829 - elsapy.elsclient - INFO - Sending GET request to https://api.elsevier.com/content/search/sciencedirect?query=images+digits+supervised+
2020-04-12 16:43:44,990 - elsapy.elsclient - INFO - Sending GET request to https://api.elsevier.com/content/search/sciencedirect?query=images+digits+learning+
2020-04-12 16:43:57,175 - elsapy.elsclient - INFO - Sending GET request to https://api.elsevier.com/content/search/sciencedirect?query=images+digits+classification+
2020-04-12 16:44:05,470 - elsapy.elsclient - INFO - Sending GET request to https://api.elsevier.com/content/search/sciencedirect?query=images+multiclass+supervised+
2020-04-12 16:44:18,963 - elsapy.elsclient - INFO - Sending GET request to https://api.elsevier.com/content/search/sciencedirect?query=images+multiclass+learning+
2020-04-12 16:45:19,857 - elsapy.elsclient - INFO - Module loaded.
2020-04-12 16:45:19,858 - elsapy.utils - INFO - Module loaded.
2020-04-12 16:45:19,858 - elsapy.elssearch - INFO - Module loaded.
2020-04-12 16:45:21,024 - elsapy.elsclient - INFO - Module loaded.
2020-04-12 16:45:21,025 - elsapy.utils - INFO - Module loaded.
2020-04-12 16:45:21,025 - elsapy.elssearch - INFO - Module loaded.
2020-04-12 16:47:38,837 - elsapy.elsclient - INFO - Sending GET request to https://api.elsevier.com/content/search/sciencedirect?query=images+digits+supervised+
2020-04-12 16:47:52,285 - elsapy.elsclient - INFO - Sending GET request to https://api.elsevier.com/content/search/sciencedirect?query=images+digits+learning+
2020-04-12 16:48:03,399 - elsapy.elsclient - INFO - Sending GET request to https://api.elsevier.com/content/search/sciencedirect?query=images+digits+classification+
2020-04-12 16:48:11,845 - elsapy.elsclient - INFO - Sending GET request to https://api.elsevier.com/content/search/sciencedirect?query=images+multiclass+supervised+
2020-04-12 16:48:24,849 - elsapy.elsclient - INFO - Sending GET request to https://api.elsevier.com/content/search/sciencedirect?query=images+multiclass+learning+
2020-04-12 16:51:38,851 - elsapy.elsclient - INFO - Module loaded.
2020-04-12 16:51:38,852 - elsapy.utils - INFO - Module loaded.
2020-04-12 16:51:38,852 - elsapy.elssearch - INFO - Module loaded.
2020-04-12 16:51:40,304 - elsapy.elsclient - INFO - Module loaded.
2020-04-12 16:51:40,305 - elsapy.utils - INFO - Module loaded.
2020-04-12 16:51:40,306 - elsapy.elssearch - INFO - Module loaded.
2020-04-12 16:52:32,973 - elsapy.elsclient - INFO - Sending GET request to https://api.elsevier.com/content/search/sciencedirect?query=images+digits+supervised+
2020-04-12 16:53:03,244 - elsapy.elsclient - INFO - Module loaded.
2020-04-12 16:53:03,245 - elsapy.utils - INFO - Module loaded.
2020-04-12 16:53:03,245 - elsapy.elssearch - INFO - Module loaded.
2020-04-12 16:53:04,534 - elsapy.elsclient - INFO - Module loaded.
2020-04-12 16:53:04,535 - elsapy.utils - INFO - Module loaded.
2020-04-12 16:53:04,536 - elsapy.elssearch - INFO - Module loaded.
2020-04-12 16:54:50,701 - elsapy.elsclient - INFO - Sending GET request to https://api.elsevier.com/content/search/sciencedirect?query=images+digits+supervised+
2020-04-12 16:55:03,888 - elsapy.elsclient - INFO - Sending GET request to https://api.elsevier.com/content/search/sciencedirect?query=images+digits+learning+
2020-04-12 16:55:14,796 - elsapy.elsclient - INFO - Sending GET request to https://api.elsevier.com/content/search/sciencedirect?query=images+digits+classification+
2020-04-12 16:55:23,847 - elsapy.elsclient - INFO - Sending GET request to https://api.elsevier.com/content/search/sciencedirect?query=images+multiclass+supervised+
2020-04-12 16:55:38,412 - elsapy.elsclient - INFO - Sending GET request to https://api.elsevier.com/content/search/sciencedirect?query=images+multiclass+learning+
2020-04-12 16:56:22,319 - elsapy.elsclient - INFO - Module loaded.
2020-04-12 16:56:22,319 - elsapy.utils - INFO - Module loaded.
2020-04-12 16:56:22,320 - elsapy.elssearch - INFO - Module loaded.
2020-04-12 16:56:23,905 - elsapy.elsclient - INFO - Module loaded.
2020-04-12 16:56:23,909 - elsapy.utils - INFO - Module loaded.
2020-04-12 16:56:23,909 - elsapy.elssearch - INFO - Module loaded.
2020-04-12 16:58:36,833 - elsapy.elsclient - INFO - Sending GET request to https://api.elsevier.com/content/search/sciencedirect?query=images+digits+supervised+
2020-04-12 16:58:49,872 - elsapy.elsclient - INFO - Sending GET request to https://api.elsevier.com/content/search/sciencedirect?query=images+digits+learning+
2020-04-12 16:59:01,163 - elsapy.elsclient - INFO - Sending GET request to https://api.elsevier.com/content/search/sciencedirect?query=images+digits+classification+
2020-04-12 16:59:09,630 - elsapy.elsclient - INFO - Sending GET request to https://api.elsevier.com/content/search/sciencedirect?query=images+multiclass+supervised+
2020-04-12 16:59:22,973 - elsapy.elsclient - INFO - Sending GET request to https://api.elsevier.com/content/search/sciencedirect?query=images+multiclass+learning+
2020-04-12 16:59:45,631 - elsapy.elsclient - INFO - Module loaded.
2020-04-12 16:59:45,632 - elsapy.utils - INFO - Module loaded.
2020-04-12 16:59:45,632 - elsapy.elssearch - INFO - Module loaded.
2020-04-12 16:59:46,902 - elsapy.elsclient - INFO - Module loaded.
2020-04-12 16:59:46,903 - elsapy.utils - INFO - Module loaded.
2020-04-12 16:59:46,904 - elsapy.elssearch - INFO - Module loaded.
2020-04-12 17:01:18,711 - elsapy.elsclient - INFO - Sending GET request to https://api.elsevier.com/content/search/sciencedirect?query=images+digits+supervised+
2020-04-12 17:01:33,532 - elsapy.elsclient - INFO - Sending GET request to https://api.elsevier.com/content/search/sciencedirect?query=images+digits+learning+
2020-04-12 17:01:46,329 - elsapy.elsclient - INFO - Sending GET request to https://api.elsevier.com/content/search/sciencedirect?query=images+digits+classification+
2020-04-12 17:01:57,926 - elsapy.elsclient - INFO - Sending GET request to https://api.elsevier.com/content/search/sciencedirect?query=images+multiclass+supervised+
2020-04-12 17:02:12,466 - elsapy.elsclient - INFO - Sending GET request to https://api.elsevier.com/content/search/sciencedirect?query=images+multiclass+learning+
2020-04-12 17:09:37,762 - elsapy.elsclient - INFO - Module loaded.
2020-04-12 17:09:37,763 - elsapy.utils - INFO - Module loaded.
2020-04-12 17:09:37,763 - elsapy.elssearch - INFO - Module loaded.
2020-04-12 17:09:39,212 - elsapy.elsclient - INFO - Module loaded.
2020-04-12 17:09:39,213 - elsapy.utils - INFO - Module loaded.
2020-04-12 17:09:39,213 - elsapy.elssearch - INFO - Module loaded.
2020-04-12 17:11:36,121 - elsapy.elsclient - INFO - Sending GET request to https://api.elsevier.com/content/search/sciencedirect?query=images+digits+supervised+
2020-04-12 17:11:50,035 - elsapy.elsclient - INFO - Sending GET request to https://api.elsevier.com/content/search/sciencedirect?query=images+digits+learning+
2020-04-12 17:12:01,448 - elsapy.elsclient - INFO - Sending GET request to https://api.elsevier.com/content/search/sciencedirect?query=images+digits+classification+
2020-04-12 17:12:10,050 - elsapy.elsclient - INFO - Sending GET request to https://api.elsevier.com/content/search/sciencedirect?query=images+multiclass+supervised+
2020-04-12 17:12:23,515 - elsapy.elsclient - INFO - Sending GET request to https://api.elsevier.com/content/search/sciencedirect?query=images+multiclass+learning+
2020-04-12 17:33:11,699 - elsapy.elsclient - INFO - Module loaded.
2020-04-12 17:33:11,700 - elsapy.utils - INFO - Module loaded.
2020-04-12 17:33:11,701 - elsapy.elssearch - INFO - Module loaded.
2020-04-12 17:33:12,907 - elsapy.elsclient - INFO - Module loaded.
2020-04-12 17:33:12,908 - elsapy.utils - INFO - Module loaded.
2020-04-12 17:33:12,909 - elsapy.elssearch - INFO - Module loaded.
2020-04-12 17:35:16,832 - elsapy.elsclient - INFO - Sending GET request to https://api.elsevier.com/content/search/sciencedirect?query=images+digits+supervised+
2020-04-12 17:35:30,575 - elsapy.elsclient - INFO - Sending GET request to https://api.elsevier.com/content/search/sciencedirect?query=images+digits+learning+
2020-04-12 17:35:42,044 - elsapy.elsclient - INFO - Sending GET request to https://api.elsevier.com/content/search/sciencedirect?query=images+digits+classification+
2020-04-12 17:35:50,032 - elsapy.elsclient - INFO - Sending GET request to https://api.elsevier.com/content/search/sciencedirect?query=images+multiclass+supervised+
2020-04-12 17:36:03,036 - elsapy.elsclient - INFO - Sending GET request to https://api.elsevier.com/content/search/sciencedirect?query=images+multiclass+learning+
